<?xml version="1.0" encoding="UTF-8"?>
<!-- Generated by org.testng.reporters.JUnitReportReporter -->
<testsuite skipped="0" hostname="LAPTOP-6UQRT7G3" name="calculate.CalDataTest" tests="3" failures="0" timestamp="2022-05-17T16:41:10 IST" time="0.013" errors="0">
  <testcase name="divTest" time="0.000" classname="calculate.CalDataTest"/>
  <system-out/>
  <testcase name="addTest" time="0.013" classname="calculate.CalDataTest"/>
  <system-out/>
  <testcase name="subTest" time="0.000" classname="calculate.CalDataTest"/>
  <system-out/>
</testsuite> <!-- calculate.CalDataTest -->
